<?xml version="1.0" encoding="UTF-8"?>
<!-- Generated by org.testng.reporters.JUnitXMLReporter -->
<testsuite hostname="LAPTOP-HTP87A41" name="BankingAppTest" tests="1" failures="0" timestamp="14 Jun 2020 15:52:51 GMT" time="1.609" errors="0">
  <testcase name="@BeforeClass Setup" time="0.0" classname="com.testCases.TC08_Reorder">
    <failure type="org.openqa.selenium.SessionNotCreatedException" message="session not created: This version of ChromeDriver only supports Chrome version 80
Build info: version: &amp;apos;3.14.0&amp;apos;, revision: &amp;apos;aacccce0&amp;apos;, time: &amp;apos;2018-08-02T20:19:58.91Z&amp;apos;
System info: host: &amp;apos;LAPTOP-HTP87A41&amp;apos;, ip: &amp;apos;172.20.10.6&amp;apos;, os.name: &amp;apos;Windows 10&amp;apos;, os.arch: &amp;apos;amd64&amp;apos;, os.version: &amp;apos;10.0&amp;apos;, java.version: &amp;apos;1.8.0_202&amp;apos;
Driver info: driver.version: ChromeDriver
remote stacktrace: Backtrace:
	Ordinal0 [0x00E60C83+1707139]
	Ordinal0 [0x00DC68F1+1075441]
	Ordinal0 [0x00D3DFC9+516041]
	Ordinal0 [0x00CD0554+66900]
	Ordinal0 [0x00CCCCE2+52450]
	Ordinal0 [0x00CEBFD7+180183]
	Ordinal0 [0x00CEBDDD+179677]
	Ordinal0 [0x00CE9D4B+171339]
	Ordinal0 [0x00CD1D4A+73034]
	Ordinal0 [0x00CD2DC0+77248]
	Ordinal0 [0x00CD2D59+77145]
	Ordinal0 [0x00DDBB67+1162087]
	GetHandleVerifier [0x00EFA966+508998]
	GetHandleVerifier [0x00EFA6A4+508292]
	GetHandleVerifier [0x00F0F7B7+594583]
	GetHandleVerifier [0x00EFB1D6+511158]
	Ordinal0 [0x00DD402C+1130540]
	Ordinal0 [0x00DDD4CB+1168587]
	Ordinal0 [0x00DDD633+1168947]
	Ordinal0 [0x00DF5B35+1268533]
	BaseThreadInitThunk [0x77236359+25]
	RtlGetAppContainerNamedObjectPath [0x77D27C24+228]
	RtlGetAppContainerNamedObjectPath [0x77D27BF4+180]
">
      <![CDATA[org.openqa.selenium.SessionNotCreatedException: session not created: This version of ChromeDriver only supports Chrome version 80
Build info: version: '3.14.0', revision: 'aacccce0', time: '2018-08-02T20:19:58.91Z'
System info: host: 'LAPTOP-HTP87A41', ip: '172.20.10.6', os.name: 'Windows 10', os.arch: 'amd64', os.version: '10.0', java.version: '1.8.0_202'
Driver info: driver.version: ChromeDriver
remote stacktrace: Backtrace:
	Ordinal0 [0x00E60C83+1707139]
	Ordinal0 [0x00DC68F1+1075441]
	Ordinal0 [0x00D3DFC9+516041]
	Ordinal0 [0x00CD0554+66900]
	Ordinal0 [0x00CCCCE2+52450]
	Ordinal0 [0x00CEBFD7+180183]
	Ordinal0 [0x00CEBDDD+179677]
	Ordinal0 [0x00CE9D4B+171339]
	Ordinal0 [0x00CD1D4A+73034]
	Ordinal0 [0x00CD2DC0+77248]
	Ordinal0 [0x00CD2D59+77145]
	Ordinal0 [0x00DDBB67+1162087]
	GetHandleVerifier [0x00EFA966+508998]
	GetHandleVerifier [0x00EFA6A4+508292]
	GetHandleVerifier [0x00F0F7B7+594583]
	GetHandleVerifier [0x00EFB1D6+511158]
	Ordinal0 [0x00DD402C+1130540]
	Ordinal0 [0x00DDD4CB+1168587]
	Ordinal0 [0x00DDD633+1168947]
	Ordinal0 [0x00DF5B35+1268533]
	BaseThreadInitThunk [0x77236359+25]
	RtlGetAppContainerNamedObjectPath [0x77D27C24+228]
	RtlGetAppContainerNamedObjectPath [0x77D27BF4+180]

	at org.openqa.selenium.remote.W3CHandshakeResponse.lambda$new$0(W3CHandshakeResponse.java:57)
	at org.openqa.selenium.remote.W3CHandshakeResponse.lambda$getResponseFunction$2(W3CHandshakeResponse.java:104)
	at org.openqa.selenium.remote.ProtocolHandshake.lambda$createSession$0(ProtocolHandshake.java:122)
	at java.util.stream.ReferencePipeline$3$1.accept(ReferencePipeline.java:193)
	at java.util.Spliterators$ArraySpliterator.tryAdvance(Spliterators.java:958)
	at java.util.stream.ReferencePipeline.forEachWithCancel(ReferencePipeline.java:126)
	at java.util.stream.AbstractPipeline.copyIntoWithCancel(AbstractPipeline.java:498)
	at java.util.stream.AbstractPipeline.copyInto(AbstractPipeline.java:485)
	at java.util.stream.AbstractPipeline.wrapAndCopyInto(AbstractPipeline.java:471)
	at java.util.stream.FindOps$FindOp.evaluateSequential(FindOps.java:152)
	at java.util.stream.AbstractPipeline.evaluate(AbstractPipeline.java:234)
	at java.util.stream.ReferencePipeline.findFirst(ReferencePipeline.java:464)
	at org.openqa.selenium.remote.ProtocolHandshake.createSession(ProtocolHandshake.java:125)
	at org.openqa.selenium.remote.ProtocolHandshake.createSession(ProtocolHandshake.java:73)
	at org.openqa.selenium.remote.HttpCommandExecutor.execute(HttpCommandExecutor.java:136)
	at org.openqa.selenium.remote.service.DriverCommandExecutor.execute(DriverCommandExecutor.java:83)
	at org.openqa.selenium.remote.RemoteWebDriver.execute(RemoteWebDriver.java:548)
	at org.openqa.selenium.remote.RemoteWebDriver.startSession(RemoteWebDriver.java:212)
	at org.openqa.selenium.remote.RemoteWebDriver.<init>(RemoteWebDriver.java:130)
	at org.openqa.selenium.chrome.ChromeDriver.<init>(ChromeDriver.java:181)
	at org.openqa.selenium.chrome.ChromeDriver.<init>(ChromeDriver.java:168)
	at org.openqa.selenium.chrome.ChromeDriver.<init>(ChromeDriver.java:123)
	at com.testCases.BaseClass.Setup(BaseClass.java:75)
... Removed 28 stack frames]]>
    </failure>
  </testcase> <!-- @BeforeClass Setup -->
  <testcase name="@AfterMethod tearDown" time="0.0" classname="com.testCases.TC08_Reorder">
    <skipped/>
  </testcase> <!-- @AfterMethod tearDown -->
  <testcase name="@AfterClass closeBrowser" time="0.0" classname="com.testCases.TC08_Reorder">
    <skipped/>
  </testcase> <!-- @AfterClass closeBrowser -->
  <testcase name="reorder" time="0.002" classname="com.testCases.TC08_Reorder">
    <skipped/>
  </testcase> <!-- reorder -->
</testsuite> <!-- BankingAppTest -->
